TN:
SF:countriesList.js
FNF:0
FNH:0
DA:1,2
DA:247,2
LF:2
LH:2
BRF:0
BRH:0
end_of_record
TN:
SF:src\controllers\countriesRouteController.js
FN:3,(anonymous_0)
FN:8,(anonymous_1)
FN:19,(anonymous_2)
FN:24,(anonymous_3)
FN:31,(anonymous_4)
FN:36,(anonymous_5)
FNF:6
FNH:6
FNDA:1,(anonymous_0)
FNDA:2,(anonymous_1)
FNDA:2,(anonymous_2)
FNDA:47,(anonymous_3)
FNDA:2,(anonymous_4)
FNDA:244,(anonymous_5)
DA:1,1
DA:3,1
DA:4,1
DA:5,1
DA:8,1
DA:9,2
DA:10,1
DA:11,1
DA:13,1
DA:14,1
DA:15,1
DA:19,1
DA:20,2
DA:21,1
DA:22,1
DA:24,47
DA:25,1
DA:26,1
DA:27,1
DA:31,1
DA:32,2
DA:33,1
DA:34,1
DA:36,244
DA:37,1
DA:38,1
DA:42,1
LF:27
LH:27
BRDA:9,0,0,1
BRDA:9,0,1,1
BRDA:20,1,0,1
BRDA:20,1,1,1
BRDA:32,2,0,1
BRDA:32,2,1,1
BRF:6
BRH:6
end_of_record
TN:
SF:src\controllers\countryRouteController.js
FN:3,(anonymous_0)
FN:4,(anonymous_1)
FNF:2
FNH:2
FNDA:2,(anonymous_0)
FNDA:486,(anonymous_1)
DA:1,1
DA:3,1
DA:4,486
DA:6,2
DA:7,1
DA:8,1
DA:10,1
DA:11,1
DA:15,1
LF:9
LH:9
BRDA:6,0,0,1
BRDA:6,0,1,1
BRF:2
BRH:2
end_of_record
